<?xml version="1.0" encoding="UTF-8"?>
<testng-results skipped="0" failed="0" ignored="0" total="1" passed="1">
  <reporter-output>
  </reporter-output>
  <suite name="Default suite" duration-ms="134" started-at="2020-03-16T13:12:43Z" finished-at="2020-03-16T13:12:43Z">
    <groups>
    </groups>
    <test name="Default test" duration-ms="134" started-at="2020-03-16T13:12:43Z" finished-at="2020-03-16T13:12:43Z">
      <class name="pack1.TC01">
        <test-method status="PASS" signature="method1()[pri:0, instance:pack1.TC01@51efea79]" name="method1" duration-ms="23" started-at="2020-03-16T13:12:43Z" finished-at="2020-03-16T13:12:43Z">
          <reporter-output>
          </reporter-output>
        </test-method> <!-- method1 -->
      </class> <!-- pack1.TC01 -->
    </test> <!-- Default test -->
  </suite> <!-- Default suite -->
</testng-results>
